<?xml version="1.0" encoding="UTF-8"?>
<coverage generated="1609317954050" clover="3.2.0">
  <project timestamp="1609317954050" name="All files">
    <metrics statements="13" coveredstatements="11" conditionals="0" coveredconditionals="0" methods="2" coveredmethods="1" elements="15" coveredelements="12" complexity="0" loc="13" ncloc="13" packages="1" files="1" classes="1"/>
    <file name="user.js" path="/Users/darryl/Desktop/NODE/vidly/models/user.js">
      <metrics statements="13" coveredstatements="11" conditionals="0" coveredconditionals="0" methods="2" coveredmethods="1"/>
      <line num="1" count="1" type="stmt"/>
      <line num="2" count="1" type="stmt"/>
      <line num="3" count="1" type="stmt"/>
      <line num="4" count="1" type="stmt"/>
      <line num="6" count="1" type="stmt"/>
      <line num="29" count="1" type="stmt"/>
      <line num="30" count="1" type="stmt"/>
      <line num="31" count="1" type="stmt"/>
      <line num="34" count="1" type="stmt"/>
      <line num="37" count="0" type="stmt"/>
      <line num="43" count="0" type="stmt"/>
      <line num="46" count="1" type="stmt"/>
      <line num="47" count="1" type="stmt"/>
    </file>
  </project>
</coverage>
